This is pdfTeX, Version 3.1415926-2.5-1.40.14 (MiKTeX 2.9) (preloaded format=pdflatex 2014.4.17)  9 SEP 2014 13:24
entering extended mode
**C:/Users/s1229179/Dropbox/TeX/conference_poster_ASP_2014/conference_poster_AS
P.tex

(C:/Users/s1229179/Dropbox/TeX/conference_poster_ASP_2014/conference_poster_ASP
.tex
LaTeX2e <2011/06/27>
Babel <v3.8m> and hyphenation patterns for english, afrikaans, ancientgreek, ar
abic, armenian, assamese, basque, bengali, bokmal, bulgarian, catalan, coptic, 
croatian, czech, danish, dutch, esperanto, estonian, farsi, finnish, french, ga
lician, german, german-x-2013-05-26, greek, gujarati, hindi, hungarian, iceland
ic, indonesian, interlingua, irish, italian, kannada, kurmanji, latin, latvian,
 lithuanian, malayalam, marathi, mongolian, mongolianlmc, monogreek, ngerman, n
german-x-2013-05-26, nynorsk, oriya, panjabi, pinyin, polish, portuguese, roman
ian, russian, sanskrit, serbian, slovak, slovenian, spanish, swedish, swissgerm
an, tamil, telugu, turkish, turkmen, ukenglish, ukrainian, uppersorbian, usengl
ishmax, welsh, loaded.
(C:\Users\s1229179\Dropbox\TeX\conference_poster_ASP_2014\a0poster.cls
Document Class: a0poster 1997/05/07 v1.21b a0poster class (GK, MW)
("C:\Program Files (x86)\MiKTeX 2.9\tex\latex\base\article.cls"
Document Class: article 2007/10/19 v1.4h Standard LaTeX document class
("C:\Program Files (x86)\MiKTeX 2.9\tex\latex\base\size10.clo"
File: size10.clo 2007/10/19 v1.4h Standard LaTeX file (size option)
)
\c@part=\count79
\c@section=\count80
\c@subsection=\count81
\c@subsubsection=\count82
\c@paragraph=\count83
\c@subparagraph=\count84
\c@figure=\count85
\c@table=\count86
\abovecaptionskip=\skip41
\belowcaptionskip=\skip42
\bibindent=\dimen102
)
\xkoord=\count87
\ykoord=\count88
\xscale=\count89
\yscale=\count90

(C:\Users\s1229179\Dropbox\TeX\conference_poster_ASP_2014\a0size.sty
File: a0size.sty 1997/05/06 v1.21b a0poster class (GK, MW)
LaTeX Font Info:    Redeclaring symbol font `largesymbols' on input line 218.
LaTeX Font Info:    Overwriting symbol font `largesymbols' in version `normal'
(Font)                  OMX/cmex/m/n --> OMX/cmex/m/n on input line 218.
LaTeX Font Info:    Overwriting symbol font `largesymbols' in version `bold'
(Font)                  OMX/cmex/m/n --> OMX/cmex/m/n on input line 218.
\big@size=\dimen103
))
("C:\Program Files (x86)\MiKTeX 2.9\tex\latex\geometry\geometry.sty"
Package: geometry 2010/09/12 v5.6 Page Geometry

("C:\Program Files (x86)\MiKTeX 2.9\tex\latex\graphics\keyval.sty"
Package: keyval 1999/03/16 v1.13 key=value parser (DPC)
\KV@toks@=\toks14
)
("C:\Program Files (x86)\MiKTeX 2.9\tex\generic\oberdiek\ifpdf.sty"
Package: ifpdf 2011/01/30 v2.3 Provides the ifpdf switch (HO)
Package ifpdf Info: pdfTeX in PDF mode is detected.
)
("C:\Program Files (x86)\MiKTeX 2.9\tex\generic\oberdiek\ifvtex.sty"
Package: ifvtex 2010/03/01 v1.5 Detect VTeX and its facilities (HO)
Package ifvtex Info: VTeX not detected.
)
("C:\Program Files (x86)\MiKTeX 2.9\tex\generic\ifxetex\ifxetex.sty"
Package: ifxetex 2010/09/12 v0.6 Provides ifxetex conditional
)
\Gm@cnth=\count91
\Gm@cntv=\count92
\c@Gm@tempcnt=\count93
\Gm@bindingoffset=\dimen104
\Gm@wd@mp=\dimen105
\Gm@odd@mp=\dimen106
\Gm@even@mp=\dimen107
\Gm@layoutwidth=\dimen108
\Gm@layoutheight=\dimen109
\Gm@layouthoffset=\dimen110
\Gm@layoutvoffset=\dimen111
\Gm@dimlist=\toks15

("C:\Program Files (x86)\MiKTeX 2.9\tex\latex\geometry\geometry.cfg"))
("C:\Program Files (x86)\MiKTeX 2.9\tex\latex\xcolor\xcolor.sty"
Package: xcolor 2007/01/21 v2.11 LaTeX color extensions (UK)

("C:\Program Files (x86)\MiKTeX 2.9\tex\latex\00miktex\color.cfg"
File: color.cfg 2007/01/18 v1.5 color configuration of teTeX/TeXLive
)
Package xcolor Info: Driver file: pdftex.def on input line 225.

("C:\Program Files (x86)\MiKTeX 2.9\tex\latex\pdftex-def\pdftex.def"
File: pdftex.def 2011/05/27 v0.06d Graphics/color for pdfTeX

("C:\Program Files (x86)\MiKTeX 2.9\tex\generic\oberdiek\infwarerr.sty"
Package: infwarerr 2010/04/08 v1.3 Providing info/warning/error messages (HO)
)
("C:\Program Files (x86)\MiKTeX 2.9\tex\generic\oberdiek\ltxcmds.sty"
Package: ltxcmds 2011/11/09 v1.22 LaTeX kernel commands for general use (HO)
)
\Gread@gobject=\count94
)
Package xcolor Info: Model `cmy' substituted by `cmy0' on input line 1337.
Package xcolor Info: Model `hsb' substituted by `rgb' on input line 1341.
Package xcolor Info: Model `RGB' extended on input line 1353.
Package xcolor Info: Model `HTML' substituted by `rgb' on input line 1355.
Package xcolor Info: Model `Hsb' substituted by `hsb' on input line 1356.
Package xcolor Info: Model `tHsb' substituted by `hsb' on input line 1357.
Package xcolor Info: Model `HSB' substituted by `hsb' on input line 1358.
Package xcolor Info: Model `Gray' substituted by `gray' on input line 1359.
Package xcolor Info: Model `wave' substituted by `hsb' on input line 1360.

("C:\Program Files (x86)\MiKTeX 2.9\tex\latex\xcolor\svgnam.def"
File: svgnam.def 2007/01/21 v2.11 Predefined colors according to SVG 1.1 (UK)
))
("C:\Program Files (x86)\MiKTeX 2.9\tex\latex\psnfss\times.sty"
Package: times 2005/04/12 PSNFSS-v9.2a (SPQR) 
)
("C:\Program Files (x86)\MiKTeX 2.9\tex\latex\graphics\graphicx.sty"
Package: graphicx 1999/02/16 v1.0f Enhanced LaTeX Graphics (DPC,SPQR)

("C:\Program Files (x86)\MiKTeX 2.9\tex\latex\graphics\graphics.sty"
Package: graphics 2009/02/05 v1.0o Standard LaTeX Graphics (DPC,SPQR)

("C:\Program Files (x86)\MiKTeX 2.9\tex\latex\graphics\trig.sty"
Package: trig 1999/03/16 v1.09 sin cos tan (DPC)
)
("C:\Program Files (x86)\MiKTeX 2.9\tex\latex\00miktex\graphics.cfg"
File: graphics.cfg 2007/01/18 v1.5 graphics configuration of teTeX/TeXLive
)
Package graphics Info: Driver file: pdftex.def on input line 91.
)
\Gin@req@height=\dimen112
\Gin@req@width=\dimen113
)
("C:\Program Files (x86)\MiKTeX 2.9\tex\latex\booktabs\booktabs.sty"
Package: booktabs 2005/04/14 v1.61803 publication quality tables
\heavyrulewidth=\dimen114
\lightrulewidth=\dimen115
\cmidrulewidth=\dimen116
\belowrulesep=\dimen117
\belowbottomsep=\dimen118
\aboverulesep=\dimen119
\abovetopsep=\dimen120
\cmidrulesep=\dimen121
\cmidrulekern=\dimen122
\defaultaddspace=\dimen123
\@cmidla=\count95
\@cmidlb=\count96
\@aboverulesep=\dimen124
\@belowrulesep=\dimen125
\@thisruleclass=\count97
\@lastruleclass=\count98
\@thisrulewidth=\dimen126
)
("C:\Program Files (x86)\MiKTeX 2.9\tex\latex\caption\caption.sty"
Package: caption 2013/05/02 v3.3-89 Customizing captions (AR)

("C:\Program Files (x86)\MiKTeX 2.9\tex\latex\caption\caption3.sty"
Package: caption3 2013/05/02 v1.6-88 caption3 kernel (AR)
Package caption3 Info: TeX engine: e-TeX on input line 57.
\captionmargin=\dimen127
\captionmargin@=\dimen128
\captionwidth=\dimen129
\caption@tempdima=\dimen130
\caption@indent=\dimen131
\caption@parindent=\dimen132
\caption@hangindent=\dimen133
)
\c@ContinuedFloat=\count99
)
("C:\Program Files (x86)\MiKTeX 2.9\tex\latex\amsfonts\amsfonts.sty"
Package: amsfonts 2013/01/14 v3.01 Basic AMSFonts support
\@emptytoks=\toks16
\symAMSa=\mathgroup4
\symAMSb=\mathgroup5
LaTeX Font Info:    Overwriting math alphabet `\mathfrak' in version `bold'
(Font)                  U/euf/m/n --> U/euf/b/n on input line 106.
)
("C:\Program Files (x86)\MiKTeX 2.9\tex\latex\amsmath\amsmath.sty"
Package: amsmath 2013/01/14 v2.14 AMS math features
\@mathmargin=\skip43

For additional information on amsmath, use the `?' option.
("C:\Program Files (x86)\MiKTeX 2.9\tex\latex\amsmath\amstext.sty"
Package: amstext 2000/06/29 v2.01

("C:\Program Files (x86)\MiKTeX 2.9\tex\latex\amsmath\amsgen.sty"
File: amsgen.sty 1999/11/30 v2.0
\@emptytoks=\toks17
\ex@=\dimen134
))
("C:\Program Files (x86)\MiKTeX 2.9\tex\latex\amsmath\amsbsy.sty"
Package: amsbsy 1999/11/29 v1.2d
\pmbraise@=\dimen135
)
("C:\Program Files (x86)\MiKTeX 2.9\tex\latex\amsmath\amsopn.sty"
Package: amsopn 1999/12/14 v2.01 operator names
)
\inf@bad=\count100
LaTeX Info: Redefining \frac on input line 210.
\uproot@=\count101
\leftroot@=\count102
LaTeX Info: Redefining \overline on input line 306.
\classnum@=\count103
\DOTSCASE@=\count104
LaTeX Info: Redefining \ldots on input line 378.
LaTeX Info: Redefining \dots on input line 381.
LaTeX Info: Redefining \cdots on input line 466.
\Mathstrutbox@=\box26
\strutbox@=\box27
\big@size=\dimen136
LaTeX Font Info:    Redeclaring font encoding OML on input line 566.
LaTeX Font Info:    Redeclaring font encoding OMS on input line 567.
\macc@depth=\count105
\c@MaxMatrixCols=\count106
\dotsspace@=\muskip10
\c@parentequation=\count107
\dspbrk@lvl=\count108
\tag@help=\toks18
\row@=\count109
\column@=\count110
\maxfields@=\count111
\andhelp@=\toks19
\eqnshift@=\dimen137
\alignsep@=\dimen138
\tagshift@=\dimen139
\tagwidth@=\dimen140
\totwidth@=\dimen141
\lineht@=\dimen142
\@envbody=\toks20
\multlinegap=\skip44
\multlinetaggap=\skip45
\mathdisplay@stack=\toks21
LaTeX Info: Redefining \[ on input line 2665.
LaTeX Info: Redefining \] on input line 2666.
)
("C:\Program Files (x86)\MiKTeX 2.9\tex\latex\amscls\amsthm.sty"
Package: amsthm 2004/08/06 v2.20
\thm@style=\toks22
\thm@bodyfont=\toks23
\thm@headfont=\toks24
\thm@notefont=\toks25
\thm@headpunct=\toks26
\thm@preskip=\skip46
\thm@postskip=\skip47
\thm@headsep=\skip48
\dth@everypar=\toks27
)
("C:\Program Files (x86)\MiKTeX 2.9\tex\latex\amsfonts\amssymb.sty"
Package: amssymb 2013/01/14 v3.01 AMS font symbols
)
("C:\Program Files (x86)\MiKTeX 2.9\tex\latex\wrapfig\wrapfig.sty"
\wrapoverhang=\dimen143
\WF@size=\dimen144
\c@WF@wrappedlines=\count112
\WF@box=\box28
\WF@everypar=\toks28
Package: wrapfig 2003/01/31  v 3.6
)
("C:\Program Files (x86)\MiKTeX 2.9\tex\latex\flowfram\flowfram.sty"
Package: flowfram 2014/06/04 v1.16 (NLCT)

("C:\Program Files (x86)\MiKTeX 2.9\tex\latex\base\ifthen.sty"
Package: ifthen 2001/05/26 v1.1c Standard LaTeX ifthen package (DPC)
)
("C:\Program Files (x86)\MiKTeX 2.9\tex\latex\xkeyval\xkeyval.sty"
Package: xkeyval 2012/10/14 v2.6b package option processing (HA)

("C:\Program Files (x86)\MiKTeX 2.9\tex\generic\xkeyval\xkeyval.tex"
\XKV@toks=\toks29
\XKV@tempa@toks=\toks30
\XKV@depth=\count113
File: xkeyval.tex 2012/10/14 v2.6b key=value parser (HA)
))
("C:\Program Files (x86)\MiKTeX 2.9\tex\latex\tools\afterpage.sty"
Package: afterpage 1995/10/27 v1.08 After-Page Package (DPC)
\AP@output=\toks31
\AP@partial=\box29
\AP@footins=\box30
)
("C:\Program Files (x86)\MiKTeX 2.9\tex\latex\xfor\xfor.sty"
Package: xfor 2009/02/05 v1.05 (NLCT)
)
("C:\Program Files (x86)\MiKTeX 2.9\tex\latex\etoolbox\etoolbox.sty"
Package: etoolbox 2011/01/03 v2.1 e-TeX tools for LaTeX

("C:\Program Files (x86)\MiKTeX 2.9\tex\latex\misc\etex.sty"
Package: etex 1998/03/26 v2.0 eTeX basic definition package (PEB)
\et@xins=\count114
)
\etb@tempcnta=\count115
)
\fflabelsep=\skip49
\c@absolutepage=\count116
\c@maxflow=\count117
\c@thisframe=\count118
\c@displayedframe=\count119
\c@maxstatic=\count120
\c@maxdynamic=\count121
\@colN=\count122
\@ff@tmpN=\count123
\ff@id=\count124
\@ff@offset=\skip50
\@ff@tmp@x=\skip51
\@ff@tmp@x@even=\skip52
\@ff@tmp@y=\skip53
\sdfparindent=\skip54
\flowframesep=\skip55
\flowframerule=\skip56
\staticframe=\box31
\@dynamictok=\toks32
\flf@ta=\toks33
\flf@tb=\toks34
\ffareawidth=\skip57
\ffareaheight=\skip58
\ffareax=\skip59
\ffareay=\skip60
\ffareaevenx=\skip61
\ffareaeveny=\skip62
\fftolerance=\skip63
\c@ffrangenum=\count125
\c@curpg=\count126
\ffevenoffset=\skip64
\@nxtcol=\count127
\columnheight=\skip65
\vcolumnsep=\skip66
\@ff@staticH=\skip67
\@ff@adjh=\count128
\@ff@staticW=\skip68
\@thisstrip=\count129
\ffcolumnseprule=\skip69
\@ff@left@x=\skip70
\@ff@left@y=\skip71
\@ff@left@evenx=\skip72
\@ff@left@eveny=\skip73
\@ff@left@width=\skip74
\@ff@left@height=\skip75
\c@maxthumbtabs=\count130
\thumbtabwidth=\skip76
\@greyscale=\count131
\c@maxtocunits=\count132
\c@maxminitoc=\count133
\@ttb@level=\count134
\@ttb@minitoclevel=\count135
\beforeminitocskip=\skip77
\afterminitocskip=\skip78
\c@minitoc=\count136
)
\@staticframe@i=\box32
\@sf@i@posx=\skip79
\@sf@i@posy=\skip80
\@sf@i@evenx=\skip81
\@sf@i@eveny=\skip82
\columni=\box33
\colwidthi=\skip83
\colheighti=\skip84
\col@i@posx=\skip85
\col@i@posy=\skip86
\col@i@evenx=\skip87
\col@i@eveny=\skip88
\columnii=\box34
\colwidthii=\skip89
\colheightii=\skip90
\col@ii@posx=\skip91
\col@ii@posy=\skip92
\col@ii@evenx=\skip93
\col@ii@eveny=\skip94
\columniii=\box35
\colwidthiii=\skip95
\colheightiii=\skip96
\col@iii@posx=\skip97
\col@iii@posy=\skip98
\col@iii@evenx=\skip99
\col@iii@eveny=\skip100
\@staticframe@ii=\box36
\@sf@ii@posx=\skip101
\@sf@ii@posy=\skip102
\@sf@ii@evenx=\skip103
\@sf@ii@eveny=\skip104

(C:\Users\s1229179\Dropbox\TeX\conference_poster_ASP_2014\conference_poster_ASP
.aux)
LaTeX Font Info:    Checking defaults for OML/cmm/m/it on input line 61.
LaTeX Font Info:    ... okay on input line 61.
LaTeX Font Info:    Checking defaults for T1/cmr/m/n on input line 61.
LaTeX Font Info:    ... okay on input line 61.
LaTeX Font Info:    Checking defaults for OT1/cmr/m/n on input line 61.
LaTeX Font Info:    ... okay on input line 61.
LaTeX Font Info:    Checking defaults for OMS/cmsy/m/n on input line 61.
LaTeX Font Info:    ... okay on input line 61.
LaTeX Font Info:    Checking defaults for OMX/cmex/m/n on input line 61.
LaTeX Font Info:    ... okay on input line 61.
LaTeX Font Info:    Checking defaults for U/cmr/m/n on input line 61.
LaTeX Font Info:    ... okay on input line 61.
LaTeX Font Info:    Try loading font information for OT1+ptm on input line 61.
 ("C:\Program Files (x86)\MiKTeX 2.9\tex\latex\psnfss\ot1ptm.fd"
File: ot1ptm.fd 2001/06/04 font definitions for OT1/ptm.
)
*geometry* driver: auto-detecting
*geometry* detected driver: pdftex
*geometry* verbose mode - [ preamble ] result:
* driver: pdftex
* paper: <default>
* layout: <same size as paper>
* layoutoffset:(h,v)=(0.0pt,0.0pt)
* modes: landscape 
* h-part:(L,W,R)=(144.54pt, 3091.67667pt, 144.54pt)
* v-part:(T,H,B)=(144.54pt, 2099.81358pt, 144.54pt)
* \paperwidth=3380.75665pt
* \paperheight=2388.89357pt
* \textwidth=3091.67667pt
* \textheight=2099.81358pt
* \oddsidemargin=72.27pt
* \evensidemargin=72.27pt
* \topmargin=72.27pt
* \headheight=0.0pt
* \headsep=0.0pt
* \topskip=0.0pt
* \footskip=30.0pt
* \marginparwidth=65.0pt
* \marginparsep=11.0pt
* \columnsep=10.0pt
* \skip\footins=9.0pt plus 4.0pt minus 2.0pt
* \hoffset=-72.26999pt
* \voffset=-72.26999pt
* \mag=1000
* \@twocolumnfalse
* \@twosidefalse
* \@mparswitchfalse
* \@reversemarginfalse
* (1in=72.27pt=25.4mm, 1cm=28.453pt)

("C:\Program Files (x86)\MiKTeX 2.9\tex\context\base\supp-pdf.mkii"
[Loading MPS to PDF converter (version 2006.09.02).]
\scratchcounter=\count137
\scratchdimen=\dimen145
\scratchbox=\box37
\nofMPsegments=\count138
\nofMParguments=\count139
\everyMPshowfont=\toks35
\MPscratchCnt=\count140
\MPscratchDim=\dimen146
\MPnumerator=\count141
\makeMPintoPDFobject=\count142
\everyMPtoPDFconversion=\toks36
)
Package caption Info: Begin \AtBeginDocument code.
Package caption Info: wrapfig package is loaded.
Package caption Info: End \AtBeginDocument code.
LaTeX Font Info:    Try loading font information for U+msa on input line 88.
 ("C:\Program Files (x86)\MiKTeX 2.9\tex\latex\amsfonts\umsa.fd"
File: umsa.fd 2013/01/14 v3.01 AMS symbols A
)
LaTeX Font Info:    Try loading font information for U+msb on input line 88.

("C:\Program Files (x86)\MiKTeX 2.9\tex\latex\amsfonts\umsb.fd"
File: umsb.fd 2013/01/14 v3.01 AMS symbols B
)
LaTeX Font Info:    Font shape `OT1/ptm/bx/n' in size <74.3> not available
(Font)              Font shape `OT1/ptm/b/n' tried instead on input line 91.

Underfull \hbox (badness 1616) in paragraph at lines 91--92
[]\OT1/ptm/b/n/74.3 Personality and Blood Chem-istry As-so-ci-a-tions
 []

LaTeX Font Info:    Font shape `OT1/ptm/bx/n' in size <51.6> not available
(Font)              Font shape `OT1/ptm/b/n' tried instead on input line 92.
LaTeX Font Info:    Font shape `OT1/ptm/bx/n' in size <35.83> not available
(Font)              Font shape `OT1/ptm/b/n' tried instead on input line 92.
LaTeX Font Info:    Try loading font information for OT1+pcr on input line 96.
("C:\Program Files (x86)\MiKTeX 2.9\tex\latex\psnfss\ot1pcr.fd"
File: ot1pcr.fd 2001/06/04 font definitions for OT1/pcr.
)
<figures/EdiU.jpg, id=1, 533.1117pt x 85.2786pt>
File: figures/EdiU.jpg Graphic file (type jpg)
 <use figures/EdiU.jpg>
Package pdftex.def Info: figures/EdiU.jpg used on input line 101.
(pdftex.def)             Requested size: 739.77165pt x 118.3469pt.

Overfull \hbox (981.83618pt too wide) in paragraph at lines 100--102
[]  []| 
 []


Overfull \hbox (64.97134pt too wide) in paragraph at lines 133--134
\OT1/ptm/m/n/35.83 personality models have been developed and linked to other p
sychological
 []


Overfull \hbox (38.31198pt too wide) in paragraph at lines 133--134
\OT1/ptm/m/n/35.83 capacities, such as intelligence and subjective well-being [
[]]. Moreover,
 []


Overfull \hbox (99.25696pt too wide) in paragraph at lines 136--137
\OT1/ptm/m/n/35.83 we find similar relationships in chimpanzees? Controlling fo
r environmental
 []

LaTeX Font Info:    Try loading font information for OMS+ptm on input line 149.

("C:\Program Files (x86)\MiKTeX 2.9\tex\latex\psnfss\omsptm.fd"
File: omsptm.fd 
)
LaTeX Font Info:    Font shape `OMS/ptm/m/n' in size <35.83> not available
(Font)              Font shape `OMS/cmsy/m/n' tried instead on input line 149.

Overfull \hbox (96.02399pt too wide) in paragraph at lines 149--150
[]\OT1/ptm/m/n/35.83 Are relationships between metabolic syndrome symptoms and 
personality,
 []


Overfull \hbox (72.0903pt too wide) in paragraph at lines 151--152
[]\OT1/ptm/m/n/35.83 Can we uncover the causal relationships between risk facto
rs, symptoms,
 []


Overfull \hbox (3.93886pt too wide) in paragraph at lines 179--180
[]\OT1/ptm/m/n/35.83 We also wanted to see if personality impacted physiology, 
so directly
 []


Overfull \hbox (22.5822pt too wide) in paragraph at lines 179--180
\OT1/ptm/m/n/35.83 tested for associations between personality and blood biomar
ker levels.
 []


Overfull \hbox (41.5924pt too wide) in paragraph at lines 179--180
\OT1/ptm/m/n/35.83 ($\OML/cmm/m/it/35.83 $\OT1/ptm/m/n/35.83 =-24.1, C.I.:[-36
.3, -11.9]) and Openness ($\OML/cmm/m/it/35.83 $\OT1/ptm/m/n/35.83 =10.64, C.I
.:[1.51, 19.7]). 
 []


Package flowfram Warning: Moving to flow frame of unequal width,
(flowfram)                use of \framebreak advised, or text might not appear 
correctly (difference = 52.88431pt, tolerance = 2.0pt) on input line 180.


Overfull \hbox (25.90485pt too wide) in paragraph at lines 215--216
\OT1/ptm/m/n/35.83 some level, but it remains unclear whether the effect is beh
avioral,
 []


Overfull \hbox (12.4329pt too wide) in paragraph at lines 216--217
\OT1/ptm/m/n/35.83 Results from both species, applied with comparative perspect
ive,
 []


Overfull \hbox (3.40477pt too wide) in paragraph at lines 232--233
[]\OT1/ptm/m/n/35.83 Additional data ought to be gathered from more primate spe
cies,
 []


Overfull \hbox (6.19894pt too wide) in paragraph at lines 232--233
\OT1/ptm/m/n/35.83 what symptoms and biomarkers are the best indicators of curr
ent
 []


(C:\Users\s1229179\Dropbox\TeX\conference_poster_ASP_2014\conference_poster_ASP
.bbl) <figures/2PassFig.png, id=2, 1032.10594pt x 391.4625pt>
File: figures/2PassFig.png Graphic file (type png)

<use figures/2PassFig.png>
Package pdftex.def Info: figures/2PassFig.png used on input line 272.
(pdftex.def)             Requested size: 1925.34946pt x 730.32878pt.
 [1{C:/ProgramData/MiKTeX/2.9/pdftex/config/pdftex.map}


Non-PDF special ignored! <C:/Users/s1229179/Dropbox/TeX/conference_poster_ASP_2
014/figures/EdiU.jpg> <C:/Users/s1229179/Dropbox/TeX/conference_poster_ASP_2014
/figures/2PassFig.png>]
(C:\Users\s1229179\Dropbox\TeX\conference_poster_ASP_2014\conference_poster_ASP
.aux) ) 
Here is how much of TeX's memory you used:
 6253 strings out of 493921
 91967 string characters out of 3144867
 202363 words of memory out of 3000000
 9455 multiletter control sequences out of 15000+200000
 22163 words of font info for 55 fonts, out of 3000000 for 9000
 841 hyphenation exceptions out of 8191
 36i,14n,75p,921b,413s stack positions out of 5000i,500n,10000p,200000b,50000s
{C:/Program Files (x86)/MiKTeX 2.9/fonts/enc/dvips/fontname/8r.enc}<C:/P
rogram Files (x86)/MiKTeX 2.9/fonts/type1/public/amsfonts/cm/cmmi12.pfb><C:/Pro
gram Files (x86)/MiKTeX 2.9/fonts/type1/public/amsfonts/cm/cmsy10.pfb><C:/Progr
am Files (x86)/MiKTeX 2.9/fonts/type1/urw/courier/ucrr8a.pfb><C:/Program Files 
(x86)/MiKTeX 2.9/fonts/type1/urw/times/utmb8a.pfb><C:/Program Files (x86)/MiKTe
X 2.9/fonts/type1/urw/times/utmr8a.pfb><C:/Program Files (x86)/MiKTeX 2.9/fonts
/type1/urw/times/utmri8a.pfb>
Output written on conference_poster_ASP.pdf (1 page, 195518 bytes).
PDF statistics:
 33 PDF objects out of 1000 (max. 8388607)
 0 named destinations out of 1000 (max. 500000)
 11 words of extra memory for PDF output out of 10000 (max. 10000000)

